<?xml version="1.0" encoding="UTF-8"?>
<testsuite xmlns:xsi="http://www.w3.org/2001/XMLSchema-instance" xsi:noNamespaceSchemaLocation="https://maven.apache.org/surefire/maven-surefire-plugin/xsd/surefire-test-report-3.0.xsd" version="3.0" name="com.tostanco.RunCukesTest" time="8.552" tests="2" errors="0" skipped="0" failures="0">
  <properties>
[...]
</properties>
  <testcase name="a few cukes" classname="Belly" time="0.104">
    <system-out><![CDATA[
@SmokeTest
Scenario: a few cukes               # src/test/resources/com/tostanco/belly.feature:3
  Given I have 42 cukes in my belly # com.tostanco.stepDefs.Stepdefs.I_have_cukes_in_my_belly(int)
Waiting, waiting, waiting
  When I wait 1 hour                # com.tostanco.stepDefs.Stepdefs.i_wait_hour(int)
growl, growl...
  Then my belly should growl        # com.tostanco.stepDefs.Stepdefs.my_belly_should_growl()
]]></system-out>
  </testcase>
  <testcase name="page works" classname="Basic test" time="8.184">
    <system-out><![CDATA[
@SmokeTest
Scenario: page works         # src/test/resources/com/tostanco/googlePage.feature:3
  Given Page is loaded       # com.tostanco.stepDefs.GoogleTest.googleBasicTest()
Waiting, waiting, waiting
  When I wait 1 hour         # com.tostanco.stepDefs.Stepdefs.i_wait_hour(int)
growl, growl...
  Then my belly should growl # com.tostanco.stepDefs.Stepdefs.my_belly_should_growl()
]]></system-out>
    <system-err><![CDATA[Starting ChromeDriver 104.0.5112.79 (3cf3e8c8a07d104b9e1260c910efb8f383285dc5-refs/branch-heads/5112@{#1307}) on port 53139
Only local connections are allowed.
Please see https://chromedriver.chromium.org/security-considerations for suggestions on keeping ChromeDriver safe.
ChromeDriver was started successfully.
sie 11, 2022 11:12:39 AM org.openqa.selenium.remote.ProtocolHandshake createSession
INFO: Detected upstream dialect: W3C
sie 11, 2022 11:12:39 AM org.openqa.selenium.devtools.CdpVersionFinder findNearestMatch
WARNING: Unable to find an exact match for CDP version 104, so returning the closest version found: 103
sie 11, 2022 11:12:39 AM org.openqa.selenium.devtools.CdpVersionFinder findNearestMatch
INFO: Found CDP implementation for version 104 of 103
]]></system-err>
  </testcase>
</testsuite>